# JRE version: OpenJDK Runtime Environment (23.0.1+11) (build 23.0.1+11-39)
# Java VM: OpenJDK 64-Bit Server VM (23.0.1+11-39, mixed mode, sharing, tiered, compressed oops, compressed class ptrs, g1 gc, bsd-aarch64)
Heap:
 garbage-first heap   total reserved 4194304K, committed 137216K, used 112657K [0x0000000700000000, 0x0000000800000000)
  region size 2048K, 24 young (49152K), 2 survivors (4096K)
 Metaspace       used 37114K, committed 37760K, reserved 1114112K
  class space    used 5094K, committed 5376K, reserved 1048576K
GC Heap History (20 events):
Event: 11.191 GC heap before
{Heap before GC invocations=4 (full 0):
 garbage-first heap   total reserved 4194304K, committed 114688K, used 109507K [0x0000000700000000, 0x0000000800000000)
  region size 2048K, 32 young (65536K), 4 survivors (8192K)
 Metaspace       used 33333K, committed 33792K, reserved 1114112K
  class space    used 4798K, committed 4992K, reserved 1048576K
}
Event: 11.197 GC heap after
{Heap after GC invocations=5 (full 0):
 garbage-first heap   total reserved 4194304K, committed 135168K, used 64741K [0x0000000700000000, 0x0000000800000000)
  region size 2048K, 5 young (10240K), 5 survivors (10240K)
 Metaspace       used 33333K, committed 33792K, reserved 1114112K
  class space    used 4798K, committed 4992K, reserved 1048576K
}
Event: 31.679 GC heap before
{Heap before GC invocations=5 (full 0):
 garbage-first heap   total reserved 4194304K, committed 135168K, used 99557K [0x0000000700000000, 0x0000000800000000)
  region size 2048K, 23 young (47104K), 5 survivors (10240K)
 Metaspace       used 35032K, committed 35520K, reserved 1114112K
  class space    used 4925K, committed 5120K, reserved 1048576K
}
Event: 31.685 GC heap after
{Heap after GC invocations=6 (full 0):
 garbage-first heap   total reserved 4194304K, committed 135168K, used 69664K [0x0000000700000000, 0x0000000800000000)
  region size 2048K, 3 young (6144K), 3 survivors (6144K)
 Metaspace       used 35032K, committed 35520K, reserved 1114112K
  class space    used 4925K, committed 5120K, reserved 1048576K
}
Event: 39.660 GC heap before
{Heap before GC invocations=6 (full 0):
 garbage-first heap   total reserved 4194304K, committed 135168K, used 98336K [0x0000000700000000, 0x0000000800000000)
  region size 2048K, 18 young (36864K), 3 survivors (6144K)
 Metaspace       used 35527K, committed 35968K, reserved 1114112K
  class space    used 4956K, committed 5120K, reserved 1048576K
}
Event: 39.663 GC heap after
{Heap after GC invocations=7 (full 0):
 garbage-first heap   total reserved 4194304K, committed 135168K, used 75684K [0x0000000700000000, 0x0000000800000000)
  region size 2048K, 3 young (6144K), 3 survivors (6144K)
 Metaspace       used 35527K, committed 35968K, reserved 1114112K
  class space    used 4956K, committed 5120K, reserved 1048576K
}
Event: 83.978 GC heap before
{Heap before GC invocations=8 (full 0):
 garbage-first heap   total reserved 4194304K, committed 135168K, used 104356K [0x0000000700000000, 0x0000000800000000)
  region size 2048K, 20 young (40960K), 3 survivors (6144K)
 Metaspace       used 36887K, committed 37376K, reserved 1114112K
  class space    used 5132K, committed 5376K, reserved 1048576K
}
Event: 83.982 GC heap after
{Heap after GC invocations=9 (full 0):
 garbage-first heap   total reserved 4194304K, committed 135168K, used 73076K [0x0000000700000000, 0x0000000800000000)
  region size 2048K, 2 young (4096K), 2 survivors (4096K)
 Metaspace       used 36887K, committed 37376K, reserved 1114112K
  class space    used 5132K, committed 5376K, reserved 1048576K
}
Event: 462.088 GC heap before
{Heap before GC invocations=9 (full 0):
 garbage-first heap   total reserved 4194304K, committed 135168K, used 118132K [0x0000000700000000, 0x0000000800000000)
  region size 2048K, 21 young (43008K), 2 survivors (4096K)
 Metaspace       used 37261K, committed 37760K, reserved 1114112K
  class space    used 5148K, committed 5376K, reserved 1048576K
}
Event: 462.149 GC heap after
{Heap after GC invocations=10 (full 0):
 garbage-first heap   total reserved 4194304K, committed 135168K, used 79856K [0x0000000700000000, 0x0000000800000000)
  region size 2048K, 2 young (4096K), 2 survivors (4096K)
 Metaspace       used 37261K, committed 37760K, reserved 1114112K
  class space    used 5148K, committed 5376K, reserved 1048576K
}
Event: 2006.283 GC heap before
{Heap before GC invocations=10 (full 0):
 garbage-first heap   total reserved 4194304K, committed 135168K, used 116720K [0x0000000700000000, 0x0000000800000000)
  region size 2048K, 20 young (40960K), 2 survivors (4096K)
 Metaspace       used 37268K, committed 37760K, reserved 1114112K
  class space    used 5148K, committed 5376K, reserved 1048576K
}
Event: 2006.308 GC heap after
{Heap after GC invocations=11 (full 0):
 garbage-first heap   total reserved 4194304K, committed 135168K, used 79781K [0x0000000700000000, 0x0000000800000000)
  region size 2048K, 2 young (4096K), 2 survivors (4096K)
 Metaspace       used 37268K, committed 37760K, reserved 1114112K
  class space    used 5148K, committed 5376K, reserved 1048576K
}
Event: 3753.716 GC heap before
{Heap before GC invocations=12 (full 0):
 garbage-first heap   total reserved 4194304K, committed 137216K, used 118693K [0x0000000700000000, 0x0000000800000000)
  region size 2048K, 21 young (43008K), 2 survivors (4096K)
 Metaspace       used 37268K, committed 37760K, reserved 1114112K
  class space    used 5148K, committed 5376K, reserved 1048576K
}
Event: 3753.742 GC heap after
{Heap after GC invocations=13 (full 0):
 garbage-first heap   total reserved 4194304K, committed 137216K, used 79220K [0x0000000700000000, 0x0000000800000000)
  region size 2048K, 2 young (4096K), 2 survivors (4096K)
 Metaspace       used 37268K, committed 37760K, reserved 1114112K
  class space    used 5148K, committed 5376K, reserved 1048576K
}
Event: 5670.978 GC heap before
{Heap before GC invocations=13 (full 0):
 garbage-first heap   total reserved 4194304K, committed 137216K, used 122228K [0x0000000700000000, 0x0000000800000000)
  region size 2048K, 23 young (47104K), 2 survivors (4096K)
 Metaspace       used 37310K, committed 37760K, reserved 1114112K
  class space    used 5151K, committed 5376K, reserved 1048576K
}
Event: 5671.014 GC heap after
{Heap after GC invocations=14 (full 0):
 garbage-first heap   total reserved 4194304K, committed 137216K, used 68282K [0x0000000700000000, 0x0000000800000000)
  region size 2048K, 2 young (4096K), 2 survivors (4096K)
 Metaspace       used 37310K, committed 37760K, reserved 1114112K
  class space    used 5151K, committed 5376K, reserved 1048576K
}
Event: 8075.871 GC heap before
{Heap before GC invocations=14 (full 0):
 garbage-first heap   total reserved 4194304K, committed 137216K, used 121530K [0x0000000700000000, 0x0000000800000000)
  region size 2048K, 28 young (57344K), 2 survivors (4096K)
 Metaspace       used 37313K, committed 37760K, reserved 1114112K
  class space    used 5152K, committed 5376K, reserved 1048576K
}
Event: 8075.895 GC heap after
{Heap after GC invocations=15 (full 0):
 garbage-first heap   total reserved 4194304K, committed 137216K, used 68151K [0x0000000700000000, 0x0000000800000000)
  region size 2048K, 2 young (4096K), 2 survivors (4096K)
 Metaspace       used 37313K, committed 37760K, reserved 1114112K
  class space    used 5152K, committed 5376K, reserved 1048576K
}
Event: 10585.593 GC heap before
{Heap before GC invocations=16 (full 0):
 garbage-first heap   total reserved 4194304K, committed 137216K, used 123447K [0x0000000700000000, 0x0000000800000000)
  region size 2048K, 29 young (59392K), 2 survivors (4096K)
 Metaspace       used 37114K, committed 37760K, reserved 1114112K
  class space    used 5094K, committed 5376K, reserved 1048576K
}
Event: 10585.614 GC heap after
{Heap after GC invocations=17 (full 0):
 garbage-first heap   total reserved 4194304K, committed 137216K, used 68196K [0x0000000700000000, 0x0000000800000000)
  region size 2048K, 2 young (4096K), 2 survivors (4096K)
 Metaspace       used 37114K, committed 37760K, reserved 1114112K
  class space    used 5094K, committed 5376K, reserved 1048576K
}

