# JRE version: OpenJDK Runtime Environment (23.0.1+11) (build 23.0.1+11-39)
# Java VM: OpenJDK 64-Bit Server VM (23.0.1+11-39, mixed mode, sharing, tiered, compressed oops, compressed class ptrs, g1 gc, bsd-aarch64)
Heap:
 garbage-first heap   total reserved 4194304K, committed 495616K, used 401355K [0x0000000700000000, 0x0000000800000000)
  region size 2048K, 62 young (126976K), 1 survivors (2048K)
 Metaspace       used 38396K, committed 39104K, reserved 1114112K
  class space    used 5105K, committed 5376K, reserved 1048576K
GC Heap History (20 events):
Event: 9982.880 GC heap before
{Heap before GC invocations=217 (full 0):
 garbage-first heap   total reserved 4194304K, committed 495616K, used 464923K [0x0000000700000000, 0x0000000800000000)
  region size 2048K, 93 young (190464K), 1 survivors (2048K)
 Metaspace       used 38339K, committed 39040K, reserved 1114112K
  class space    used 5100K, committed 5376K, reserved 1048576K
}
Event: 9982.905 GC heap after
{Heap after GC invocations=218 (full 0):
 garbage-first heap   total reserved 4194304K, committed 495616K, used 276504K [0x0000000700000000, 0x0000000800000000)
  region size 2048K, 1 young (2048K), 1 survivors (2048K)
 Metaspace       used 38339K, committed 39040K, reserved 1114112K
  class space    used 5100K, committed 5376K, reserved 1048576K
}
Event: 10055.819 GC heap before
{Heap before GC invocations=219 (full 0):
 garbage-first heap   total reserved 4194304K, committed 495616K, used 464920K [0x0000000700000000, 0x0000000800000000)
  region size 2048K, 93 young (190464K), 1 survivors (2048K)
 Metaspace       used 38340K, committed 39040K, reserved 1114112K
  class space    used 5100K, committed 5376K, reserved 1048576K
}
Event: 10055.835 GC heap after
{Heap after GC invocations=220 (full 0):
 garbage-first heap   total reserved 4194304K, committed 495616K, used 276502K [0x0000000700000000, 0x0000000800000000)
  region size 2048K, 1 young (2048K), 1 survivors (2048K)
 Metaspace       used 38340K, committed 39040K, reserved 1114112K
  class space    used 5100K, committed 5376K, reserved 1048576K
}
Event: 10128.825 GC heap before
{Heap before GC invocations=220 (full 0):
 garbage-first heap   total reserved 4194304K, committed 495616K, used 464918K [0x0000000700000000, 0x0000000800000000)
  region size 2048K, 93 young (190464K), 1 survivors (2048K)
 Metaspace       used 38340K, committed 39040K, reserved 1114112K
  class space    used 5100K, committed 5376K, reserved 1048576K
}
Event: 10128.837 GC heap after
{Heap after GC invocations=221 (full 0):
 garbage-first heap   total reserved 4194304K, committed 495616K, used 276516K [0x0000000700000000, 0x0000000800000000)
  region size 2048K, 1 young (2048K), 1 survivors (2048K)
 Metaspace       used 38340K, committed 39040K, reserved 1114112K
  class space    used 5100K, committed 5376K, reserved 1048576K
}
Event: 10201.806 GC heap before
{Heap before GC invocations=222 (full 0):
 garbage-first heap   total reserved 4194304K, committed 495616K, used 464932K [0x0000000700000000, 0x0000000800000000)
  region size 2048K, 93 young (190464K), 1 survivors (2048K)
 Metaspace       used 38340K, committed 39040K, reserved 1114112K
  class space    used 5100K, committed 5376K, reserved 1048576K
}
Event: 10201.824 GC heap after
{Heap after GC invocations=223 (full 0):
 garbage-first heap   total reserved 4194304K, committed 495616K, used 276546K [0x0000000700000000, 0x0000000800000000)
  region size 2048K, 1 young (2048K), 1 survivors (2048K)
 Metaspace       used 38340K, committed 39040K, reserved 1114112K
  class space    used 5100K, committed 5376K, reserved 1048576K
}
Event: 10274.816 GC heap before
{Heap before GC invocations=223 (full 0):
 garbage-first heap   total reserved 4194304K, committed 495616K, used 464962K [0x0000000700000000, 0x0000000800000000)
  region size 2048K, 93 young (190464K), 1 survivors (2048K)
 Metaspace       used 38340K, committed 39040K, reserved 1114112K
  class space    used 5100K, committed 5376K, reserved 1048576K
}
Event: 10274.825 GC heap after
{Heap after GC invocations=224 (full 0):
 garbage-first heap   total reserved 4194304K, committed 495616K, used 276548K [0x0000000700000000, 0x0000000800000000)
  region size 2048K, 1 young (2048K), 1 survivors (2048K)
 Metaspace       used 38340K, committed 39040K, reserved 1114112K
  class space    used 5100K, committed 5376K, reserved 1048576K
}
Event: 10347.813 GC heap before
{Heap before GC invocations=225 (full 0):
 garbage-first heap   total reserved 4194304K, committed 495616K, used 464964K [0x0000000700000000, 0x0000000800000000)
  region size 2048K, 93 young (190464K), 1 survivors (2048K)
 Metaspace       used 38340K, committed 39040K, reserved 1114112K
  class space    used 5100K, committed 5376K, reserved 1048576K
}
Event: 10347.832 GC heap after
{Heap after GC invocations=226 (full 0):
 garbage-first heap   total reserved 4194304K, committed 495616K, used 276553K [0x0000000700000000, 0x0000000800000000)
  region size 2048K, 1 young (2048K), 1 survivors (2048K)
 Metaspace       used 38340K, committed 39040K, reserved 1114112K
  class space    used 5100K, committed 5376K, reserved 1048576K
}
Event: 10420.803 GC heap before
{Heap before GC invocations=226 (full 0):
 garbage-first heap   total reserved 4194304K, committed 495616K, used 464969K [0x0000000700000000, 0x0000000800000000)
  region size 2048K, 93 young (190464K), 1 survivors (2048K)
 Metaspace       used 38340K, committed 39040K, reserved 1114112K
  class space    used 5100K, committed 5376K, reserved 1048576K
}
Event: 10420.809 GC heap after
{Heap after GC invocations=227 (full 0):
 garbage-first heap   total reserved 4194304K, committed 495616K, used 276556K [0x0000000700000000, 0x0000000800000000)
  region size 2048K, 1 young (2048K), 1 survivors (2048K)
 Metaspace       used 38340K, committed 39040K, reserved 1114112K
  class space    used 5100K, committed 5376K, reserved 1048576K
}
Event: 10493.812 GC heap before
{Heap before GC invocations=228 (full 0):
 garbage-first heap   total reserved 4194304K, committed 495616K, used 464972K [0x0000000700000000, 0x0000000800000000)
  region size 2048K, 93 young (190464K), 1 survivors (2048K)
 Metaspace       used 38340K, committed 39040K, reserved 1114112K
  class space    used 5100K, committed 5376K, reserved 1048576K
}
Event: 10493.835 GC heap after
{Heap after GC invocations=229 (full 0):
 garbage-first heap   total reserved 4194304K, committed 495616K, used 276568K [0x0000000700000000, 0x0000000800000000)
  region size 2048K, 1 young (2048K), 1 survivors (2048K)
 Metaspace       used 38340K, committed 39040K, reserved 1114112K
  class space    used 5100K, committed 5376K, reserved 1048576K
}
Event: 10566.811 GC heap before
{Heap before GC invocations=229 (full 0):
 garbage-first heap   total reserved 4194304K, committed 495616K, used 464984K [0x0000000700000000, 0x0000000800000000)
  region size 2048K, 93 young (190464K), 1 survivors (2048K)
 Metaspace       used 38340K, committed 39040K, reserved 1114112K
  class space    used 5100K, committed 5376K, reserved 1048576K
}
Event: 10566.822 GC heap after
{Heap after GC invocations=230 (full 0):
 garbage-first heap   total reserved 4194304K, committed 495616K, used 276591K [0x0000000700000000, 0x0000000800000000)
  region size 2048K, 1 young (2048K), 1 survivors (2048K)
 Metaspace       used 38340K, committed 39040K, reserved 1114112K
  class space    used 5100K, committed 5376K, reserved 1048576K
}
Event: 10639.806 GC heap before
{Heap before GC invocations=231 (full 0):
 garbage-first heap   total reserved 4194304K, committed 495616K, used 465007K [0x0000000700000000, 0x0000000800000000)
  region size 2048K, 93 young (190464K), 1 survivors (2048K)
 Metaspace       used 38340K, committed 39040K, reserved 1114112K
  class space    used 5100K, committed 5376K, reserved 1048576K
}
Event: 10639.823 GC heap after
{Heap after GC invocations=232 (full 0):
 garbage-first heap   total reserved 4194304K, committed 495616K, used 276597K [0x0000000700000000, 0x0000000800000000)
  region size 2048K, 1 young (2048K), 1 survivors (2048K)
 Metaspace       used 38340K, committed 39040K, reserved 1114112K
  class space    used 5100K, committed 5376K, reserved 1048576K
}

